<?xml version="1.0" encoding="UTF-8"?>
<!-- Generated by org.testng.reporters.JUnitReportReporter -->
<testsuite hostname="DESKTOP-JNC398C" failures="0" tests="2" name="assignments.WorkingwithTestNG" time="0.011" errors="0" timestamp="2024-09-01T20:11:00 IST" skipped="0">
  <testcase classname="assignments.WorkingwithTestNG" name="c" time="0.001"/>
  <system-out/>
  <testcase classname="assignments.WorkingwithTestNG" name="a" time="0.010"/>
  <system-out/>
</testsuite> <!-- assignments.WorkingwithTestNG -->
